<?xml version="1.0" encoding="UTF-8"?>
<!-- Generated by org.testng.reporters.JUnitReportReporter -->
<testsuite name="utils.BrowserHandler" tests="1" time="0.009" ignored="0" failures="0" timestamp="11 May 2020 17:00:16 GMT" skipped="0" hostname="Keshav-PC" errors="0">
  <testcase name="init" time="0.009" classname="utils.BrowserHandler"/>
</testsuite> <!-- utils.BrowserHandler -->
