<?xml version="1.0" encoding="UTF-8"?>
<!-- Generated by org.testng.reporters.JUnitReportReporter -->
<testsuite name="com.tests.LoginTest" tests="1" time="9.837" ignored="1" failures="0" timestamp="12 May 2020 09:38:12 GMT" skipped="0" hostname="Keshav-PC" errors="0">
  <testcase name="testLoginFunctionality" time="9.837" classname="com.tests.LoginTest"/>
  <testcase name="start" classname="base.BaseTestCase">
    <skipped/>
  </testcase> <!-- start -->
</testsuite> <!-- com.tests.LoginTest -->
