<?xml version="1.0" encoding="UTF-8"?>
<!-- Generated by org.testng.reporters.JUnitReportReporter -->
<testsuite name="com.tests.LoginTest" tests="1" time="21.728" ignored="2" failures="0" timestamp="17 May 2020 08:40:23 GMT" skipped="0" hostname="Keshav-PC" errors="0">
  <testcase name="testLoginFunctionality" time="21.728" classname="com.tests.LoginTest"/>
  <testcase name="start" classname="base.BaseTestCase">
    <skipped/>
  </testcase> <!-- start -->
  <testcase name="end" classname="base.BaseTestCase">
    <skipped/>
  </testcase> <!-- end -->
</testsuite> <!-- com.tests.LoginTest -->
