<?xml version="1.0" encoding="UTF-8"?>
<!-- Generated by org.testng.reporters.JUnitReportReporter -->
<testsuite name="base.BaseTestCase" tests="1" time="20.231" ignored="0" failures="0" timestamp="11 May 2020 06:06:53 GMT" skipped="0" hostname="Keshav-PC" errors="0">
  <testcase name="print" time="20.231" classname="base.BaseTestCase"/>
</testsuite> <!-- base.BaseTestCase -->
