<?xml version="1.0" encoding="UTF-8"?>
<!-- Generated by org.testng.reporters.JUnitReportReporter -->
<testsuite name="com.tests.LoginTest" tests="1" time="21.898" ignored="0" failures="0" timestamp="19 May 2020 07:23:21 GMT" skipped="0" hostname="Keshav-PC" errors="0">
  <testcase name="testLoginFunctionality" time="21.898" classname="com.tests.LoginTest"/>
</testsuite> <!-- com.tests.LoginTest -->
